<?xml version="1.0" encoding="UTF-8"?>
<!-- Generated by org.testng.reporters.JUnitReportReporter -->
<testsuite hostname="Mehdi-Modabbir" failures="0" tests="1" name="com.capstone.testscripts.BuyProductOne" time="1.046" errors="0" timestamp="2023-04-15T14:26:38 EDT" skipped="0">
  <testcase classname="com.capstone.testscripts.BuyProductOne" name="buyBackPack" time="1.046"/>
  <system-out/>
</testsuite> <!-- com.capstone.testscripts.BuyProductOne -->
