<?xml version="1.0" encoding="UTF-8"?>
<!-- Generated by org.testng.reporters.JUnitReportReporter -->
<testsuite hostname="Mehdi-Modabbir" failures="0" tests="1" name="com.capstone.testscripts.buyBackPackShirtTest" time="1.140" errors="0" timestamp="2023-04-15T11:10:30 EDT" skipped="0">
  <testcase classname="com.capstone.testscripts.buyBackPackShirtTest" name="buyBackPack" time="1.140"/>
  <system-out/>
</testsuite> <!-- com.capstone.testscripts.buyBackPackShirtTest -->
