<?xml version="1.0" encoding="UTF-8"?>
<!-- Generated by org.testng.reporters.JUnitReportReporter -->
<testsuite hostname="Mehdi-Modabbir" failures="0" tests="1" name="com.capstone.testscripts.ScenarioFourTest" time="1.184" errors="0" timestamp="2023-04-20T11:43:38 EDT" skipped="0">
  <testcase classname="com.capstone.testscripts.ScenarioFourTest" name="SortProduct" time="1.184"/>
  <system-out/>
</testsuite> <!-- com.capstone.testscripts.ScenarioFourTest -->
