<?xml version="1.0" encoding="UTF-8"?>
<!-- Generated by org.testng.reporters.JUnitReportReporter -->
<testsuite hostname="Mehdi-Modabbir" failures="0" tests="1" name="com.capstone.testscripts.ScenarioOne" time="1.582" errors="0" timestamp="2023-04-15T13:38:51 EDT" skipped="0">
  <testcase classname="com.capstone.testscripts.ScenarioOne" name="buyBackPack" time="1.582"/>
  <system-out/>
</testsuite> <!-- com.capstone.testscripts.ScenarioOne -->
