<?xml version="1.0" encoding="UTF-8"?>
<!-- Generated by org.testng.reporters.JUnitReportReporter -->
<testsuite hostname="Mehdi-Modabbir" failures="0" tests="1" name="com.capstone.testscripts.ErrMsgDispThree" time="0.966" errors="0" timestamp="2023-04-15T16:30:40 EDT" skipped="0">
  <testcase classname="com.capstone.testscripts.ErrMsgDispThree" name="VerryMsgDisp" time="0.966"/>
  <system-out/>
</testsuite> <!-- com.capstone.testscripts.ErrMsgDispThree -->
