<?xml version="1.0" encoding="UTF-8"?>
<!-- Generated by org.testng.reporters.JUnitReportReporter -->
<testsuite hostname="Mehdi-Modabbir" failures="0" tests="1" name="com.capstone.testscripts.VerrifyErrMsg" time="0.347" errors="0" timestamp="2023-04-15T14:20:01 EDT" skipped="0">
  <testcase classname="com.capstone.testscripts.VerrifyErrMsg" name="verifyErrMsg" time="0.347"/>
  <system-out/>
</testsuite> <!-- com.capstone.testscripts.VerrifyErrMsg -->
