<?xml version="1.0" encoding="UTF-8"?>
<!-- Generated by org.testng.reporters.JUnitReportReporter -->
<testsuite hostname="Mehdi-Modabbir" failures="0" tests="1" name="com.capstone.testscripts.SortFour" time="0.696" errors="0" timestamp="2023-04-17T12:54:36 EDT" skipped="0">
  <testcase classname="com.capstone.testscripts.SortFour" name="SortProduct" time="0.696"/>
  <system-out/>
</testsuite> <!-- com.capstone.testscripts.SortFour -->
