<?xml version="1.0" encoding="UTF-8"?>
<!-- Generated by org.testng.reporters.JUnitReportReporter -->
<testsuite hostname="Mehdi-Modabbir" failures="0" tests="1" name="com.capstone.testscripts.ScenarioOneTest" time="2.005" errors="0" timestamp="2023-04-24T19:05:49 EDT" skipped="0">
  <testcase classname="com.capstone.testscripts.ScenarioOneTest" name="buyBackPack" time="2.005"/>
  <system-out/>
</testsuite> <!-- com.capstone.testscripts.ScenarioOneTest -->
