<?xml version="1.0" encoding="UTF-8"?>
<!-- Generated by org.testng.reporters.JUnitReportReporter -->
<testsuite hostname="Mehdi-Modabbir" failures="0" tests="3" name="goRestProject.Create_Update_Delete_user" time="4.268" errors="0" timestamp="2023-05-07T23:45:38 EDT" skipped="0">
  <testcase classname="goRestProject.Create_Update_Delete_user" name="CreatUser" time="2.823"/>
  <system-out/>
  <testcase classname="goRestProject.Create_Update_Delete_user" name="updateResurce" time="0.475"/>
  <system-out/>
  <testcase classname="goRestProject.Create_Update_Delete_user" name="deleteUser" time="0.970"/>
  <system-out/>
</testsuite> <!-- goRestProject.Create_Update_Delete_user -->
