<?xml version="1.0" encoding="UTF-8"?>
<!-- Generated by org.testng.reporters.JUnitReportReporter -->
<testsuite hostname="Mehdi-Modabbir" failures="0" tests="1" name="goRestProject.PutGoRest" time="2.564" errors="0" timestamp="2023-05-07T22:53:31 EDT" skipped="0">
  <testcase classname="goRestProject.PutGoRest" name="UpdateResource" time="2.564"/>
  <system-out/>
</testsuite> <!-- goRestProject.PutGoRest -->
