<?xml version="1.0" encoding="UTF-8"?>
<!-- Generated by org.testng.reporters.JUnitReportReporter -->
<testsuite hostname="Mehdi-Modabbir" failures="0" tests="1" name="goRestProject.GetGoRest" time="3.080" errors="0" timestamp="2023-05-07T22:54:17 EDT" skipped="0">
  <testcase classname="goRestProject.GetGoRest" name="getGoRest" time="3.080"/>
  <system-out/>
</testsuite> <!-- goRestProject.GetGoRest -->
