<?xml version="1.0" encoding="UTF-8"?>
<!-- Generated by org.testng.reporters.JUnitReportReporter -->
<testsuite hostname="Mehdi-Modabbir" failures="0" tests="1" name="goRestProject.PostGoRest" time="3.129" errors="0" timestamp="2023-05-07T22:49:13 EDT" skipped="0">
  <testcase classname="goRestProject.PostGoRest" name="CreateResource" time="3.129"/>
  <system-out/>
</testsuite> <!-- goRestProject.PostGoRest -->
